This is pdfTeX, Version 3.14159265-2.6-1.40.19 (TeX Live 2018) (preloaded format=pdflatex 2018.6.21)  15 JUL 2018 17:35
entering extended mode
 \write18 enabled.
 %&-line parsing enabled.
**Thesis.tex
(./Thesis.tex
LaTeX2e <2018-04-01> patch level 2
Babel <3.18> and hyphenation patterns for 84 language(s) loaded.
(./library//PhdThesis.cls

LaTeX Warning: You have requested document class `library//PhdThesis',
               but the document class provides `PhdThesis'.

Document Class: PhdThesis 2004/09/22 2.0i PhdThesis document class
(/usr/local/texlive/2018/texmf-dist/tex/latex/base/book.cls
Document Class: book 2014/09/29 v1.4h Standard LaTeX document class
(/usr/local/texlive/2018/texmf-dist/tex/latex/base/bk12.clo
File: bk12.clo 2014/09/29 v1.4h Standard LaTeX file (size option)
)
\c@part=\count80
\c@chapter=\count81
\c@section=\count82
\c@subsection=\count83
\c@subsubsection=\count84
\c@paragraph=\count85
\c@subparagraph=\count86
\c@figure=\count87
\c@table=\count88
\abovecaptionskip=\skip41
\belowcaptionskip=\skip42
\bibindent=\dimen102
)
(./PisaPhdThesis.sdf
Class PhdThesis: PisaPhdThesis.sdf 2004/02/17.
)) (/usr/local/texlive/2018/texmf-dist/tex/generic/babel/babel.sty
Package: babel 2018/02/14 3.18 The Babel package

(/usr/local/texlive/2018/texmf-dist/tex/generic/babel/switch.def
File: switch.def 2018/02/14 3.18 Babel switching mechanism
)
(/usr/local/texlive/2018/texmf-dist/tex/generic/babel-italian/italian.ldf
Language: italian 2015/03/26 v1.3n Italian support from the babel system

(/usr/local/texlive/2018/texmf-dist/tex/generic/babel/babel.def
File: babel.def 2018/02/14 3.18 Babel common definitions
\babel@savecnt=\count89
\U@D=\dimen103

(/usr/local/texlive/2018/texmf-dist/tex/generic/babel/txtbabel.def)
\bbl@dirlevel=\count90
)
\it@lettering=\count91
\it@doublequoteactive=\count92
\it@ISOcompliance=\count93
))
(/usr/local/texlive/2018/texmf-dist/tex/latex/etoolbox/etoolbox.sty
Package: etoolbox 2018/02/11 v2.5e e-TeX tools for LaTeX (JAW)
\etb@tempcnta=\count94
)
(/usr/local/texlive/2018/texmf-dist/tex/latex/base/inputenc.sty
Package: inputenc 2018/04/06 v1.3b Input encoding file
\inpenc@prehook=\toks14
\inpenc@posthook=\toks15
)
(/usr/local/texlive/2018/texmf-dist/tex/latex/amsmath/amsmath.sty
Package: amsmath 2017/09/02 v2.17a AMS math features
\@mathmargin=\skip43

For additional information on amsmath, use the `?' option.
(/usr/local/texlive/2018/texmf-dist/tex/latex/amsmath/amstext.sty
Package: amstext 2000/06/29 v2.01 AMS text

(/usr/local/texlive/2018/texmf-dist/tex/latex/amsmath/amsgen.sty
File: amsgen.sty 1999/11/30 v2.0 generic functions
\@emptytoks=\toks16
\ex@=\dimen104
))
(/usr/local/texlive/2018/texmf-dist/tex/latex/amsmath/amsbsy.sty
Package: amsbsy 1999/11/29 v1.2d Bold Symbols
\pmbraise@=\dimen105
)
(/usr/local/texlive/2018/texmf-dist/tex/latex/amsmath/amsopn.sty
Package: amsopn 2016/03/08 v2.02 operator names
)
\inf@bad=\count95
LaTeX Info: Redefining \frac on input line 213.
\uproot@=\count96
\leftroot@=\count97
LaTeX Info: Redefining \overline on input line 375.
\classnum@=\count98
\DOTSCASE@=\count99
LaTeX Info: Redefining \ldots on input line 472.
LaTeX Info: Redefining \dots on input line 475.
LaTeX Info: Redefining \cdots on input line 596.
\Mathstrutbox@=\box26
\strutbox@=\box27
\big@size=\dimen106
LaTeX Font Info:    Redeclaring font encoding OML on input line 712.
LaTeX Font Info:    Redeclaring font encoding OMS on input line 713.
\macc@depth=\count100
\c@MaxMatrixCols=\count101
\dotsspace@=\muskip10
\c@parentequation=\count102
\dspbrk@lvl=\count103
\tag@help=\toks17
\row@=\count104
\column@=\count105
\maxfields@=\count106
\andhelp@=\toks18
\eqnshift@=\dimen107
\alignsep@=\dimen108
\tagshift@=\dimen109
\tagwidth@=\dimen110
\totwidth@=\dimen111
\lineht@=\dimen112
\@envbody=\toks19
\multlinegap=\skip44
\multlinetaggap=\skip45
\mathdisplay@stack=\toks20
LaTeX Info: Redefining \[ on input line 2817.
LaTeX Info: Redefining \] on input line 2818.
)
(/usr/local/texlive/2018/texmf-dist/tex/latex/amsfonts/amssymb.sty
Package: amssymb 2013/01/14 v3.01 AMS font symbols

(/usr/local/texlive/2018/texmf-dist/tex/latex/amsfonts/amsfonts.sty
Package: amsfonts 2013/01/14 v3.01 Basic AMSFonts support
\symAMSa=\mathgroup4
\symAMSb=\mathgroup5
LaTeX Font Info:    Overwriting math alphabet `\mathfrak' in version `bold'
(Font)                  U/euf/m/n --> U/euf/b/n on input line 106.
))
(/usr/local/texlive/2018/texmf-dist/tex/latex/amscls/amsthm.sty
Package: amsthm 2017/10/31 v2.20.4
\thm@style=\toks21
\thm@bodyfont=\toks22
\thm@headfont=\toks23
\thm@notefont=\toks24
\thm@headpunct=\toks25
\thm@preskip=\skip46
\thm@postskip=\skip47
\thm@headsep=\skip48
\dth@everypar=\toks26
)
(/usr/local/texlive/2018/texmf-dist/tex/latex/graphics/graphicx.sty
Package: graphicx 2017/06/01 v1.1a Enhanced LaTeX Graphics (DPC,SPQR)

(/usr/local/texlive/2018/texmf-dist/tex/latex/graphics/keyval.sty
Package: keyval 2014/10/28 v1.15 key=value parser (DPC)
\KV@toks@=\toks27
)
(/usr/local/texlive/2018/texmf-dist/tex/latex/graphics/graphics.sty
Package: graphics 2017/06/25 v1.2c Standard LaTeX Graphics (DPC,SPQR)

(/usr/local/texlive/2018/texmf-dist/tex/latex/graphics/trig.sty
Package: trig 2016/01/03 v1.10 sin cos tan (DPC)
)
(/usr/local/texlive/2018/texmf-dist/tex/latex/graphics-cfg/graphics.cfg
File: graphics.cfg 2016/06/04 v1.11 sample graphics configuration
)
Package graphics Info: Driver file: pdftex.def on input line 99.

(/usr/local/texlive/2018/texmf-dist/tex/latex/graphics-def/pdftex.def
File: pdftex.def 2018/01/08 v1.0l Graphics/color driver for pdftex
))
\Gin@req@height=\dimen113
\Gin@req@width=\dimen114
)
(/usr/local/texlive/2018/texmf-dist/tex/latex/jknapltx/mathrsfs.sty
Package: mathrsfs 1996/01/01 Math RSFS package v1.0 (jk)
\symrsfs=\mathgroup6
)
(/usr/local/texlive/2018/texmf-dist/tex/latex/braket/braket.sty)
(/usr/local/texlive/2018/texmf-dist/tex/latex/float/float.sty
Package: float 2001/11/08 v1.3d Float enhancements (AL)
\c@float@type=\count107
\float@exts=\toks28
\float@box=\box28
\@float@everytoks=\toks29
\@floatcapt=\box29
)
(/usr/local/texlive/2018/texmf-dist/tex/latex/hyperref/hyperref.sty
Package: hyperref 2018/02/06 v6.86b Hypertext links for LaTeX

(/usr/local/texlive/2018/texmf-dist/tex/generic/oberdiek/hobsub-hyperref.sty
Package: hobsub-hyperref 2016/05/16 v1.14 Bundle oberdiek, subset hyperref (HO)


(/usr/local/texlive/2018/texmf-dist/tex/generic/oberdiek/hobsub-generic.sty
Package: hobsub-generic 2016/05/16 v1.14 Bundle oberdiek, subset generic (HO)
Package: hobsub 2016/05/16 v1.14 Construct package bundles (HO)
Package: infwarerr 2016/05/16 v1.4 Providing info/warning/error messages (HO)
Package: ltxcmds 2016/05/16 v1.23 LaTeX kernel commands for general use (HO)
Package: ifluatex 2016/05/16 v1.4 Provides the ifluatex switch (HO)
Package ifluatex Info: LuaTeX not detected.
Package: ifvtex 2016/05/16 v1.6 Detect VTeX and its facilities (HO)
Package ifvtex Info: VTeX not detected.
Package: intcalc 2016/05/16 v1.2 Expandable calculations with integers (HO)
Package: ifpdf 2017/03/15 v3.2 Provides the ifpdf switch
Package: etexcmds 2016/05/16 v1.6 Avoid name clashes with e-TeX commands (HO)
Package etexcmds Info: Could not find \expanded.
(etexcmds)             That can mean that you are not using pdfTeX 1.50 or
(etexcmds)             that some package has redefined \expanded.
(etexcmds)             In the latter case, load this package earlier.
Package: kvsetkeys 2016/05/16 v1.17 Key value parser (HO)
Package: kvdefinekeys 2016/05/16 v1.4 Define keys (HO)
Package: pdftexcmds 2018/01/30 v0.27 Utility functions of pdfTeX for LuaTeX (HO
)
Package pdftexcmds Info: LuaTeX not detected.
Package pdftexcmds Info: \pdf@primitive is available.
Package pdftexcmds Info: \pdf@ifprimitive is available.
Package pdftexcmds Info: \pdfdraftmode found.
Package: pdfescape 2016/05/16 v1.14 Implements pdfTeX's escape features (HO)
Package: bigintcalc 2016/05/16 v1.4 Expandable calculations on big integers (HO
)
Package: bitset 2016/05/16 v1.2 Handle bit-vector datatype (HO)
Package: uniquecounter 2016/05/16 v1.3 Provide unlimited unique counter (HO)
)
Package hobsub Info: Skipping package `hobsub' (already loaded).
Package: letltxmacro 2016/05/16 v1.5 Let assignment for LaTeX macros (HO)
Package: hopatch 2016/05/16 v1.3 Wrapper for package hooks (HO)
Package: xcolor-patch 2016/05/16 xcolor patch
Package: atveryend 2016/05/16 v1.9 Hooks at the very end of document (HO)
Package: atbegshi 2016/06/09 v1.18 At begin shipout hook (HO)
Package: refcount 2016/05/16 v3.5 Data extraction from label references (HO)
Package: hycolor 2016/05/16 v1.8 Color options for hyperref/bookmark (HO)
)
(/usr/local/texlive/2018/texmf-dist/tex/generic/ifxetex/ifxetex.sty
Package: ifxetex 2010/09/12 v0.6 Provides ifxetex conditional
)
(/usr/local/texlive/2018/texmf-dist/tex/latex/oberdiek/auxhook.sty
Package: auxhook 2016/05/16 v1.4 Hooks for auxiliary files (HO)
)
(/usr/local/texlive/2018/texmf-dist/tex/latex/oberdiek/kvoptions.sty
Package: kvoptions 2016/05/16 v3.12 Key value format for package options (HO)
)
\@linkdim=\dimen115
\Hy@linkcounter=\count108
\Hy@pagecounter=\count109

(/usr/local/texlive/2018/texmf-dist/tex/latex/hyperref/pd1enc.def
File: pd1enc.def 2018/02/06 v6.86b Hyperref: PDFDocEncoding definition (HO)
Now handling font encoding PD1 ...
... no UTF-8 mapping file for font encoding PD1
)
\Hy@SavedSpaceFactor=\count110

(/usr/local/texlive/2018/texmf-dist/tex/latex/latexconfig/hyperref.cfg
File: hyperref.cfg 2002/06/06 v1.2 hyperref configuration of TeXLive
)
Package hyperref Info: Hyper figures OFF on input line 4509.
Package hyperref Info: Link nesting OFF on input line 4514.
Package hyperref Info: Hyper index ON on input line 4517.
Package hyperref Info: Plain pages OFF on input line 4524.
Package hyperref Info: Backreferencing OFF on input line 4529.
Package hyperref Info: Implicit mode ON; LaTeX internals redefined.
Package hyperref Info: Bookmarks ON on input line 4762.
\c@Hy@tempcnt=\count111

(/usr/local/texlive/2018/texmf-dist/tex/latex/url/url.sty
\Urlmuskip=\muskip11
Package: url 2013/09/16  ver 3.4  Verb mode for urls, etc.
)
LaTeX Info: Redefining \url on input line 5115.
\XeTeXLinkMargin=\dimen116
\Fld@menulength=\count112
\Field@Width=\dimen117
\Fld@charsize=\dimen118
Package hyperref Info: Hyper figures OFF on input line 6369.
Package hyperref Info: Link nesting OFF on input line 6374.
Package hyperref Info: Hyper index ON on input line 6377.
Package hyperref Info: backreferencing OFF on input line 6384.
Package hyperref Info: Link coloring OFF on input line 6389.
Package hyperref Info: Link coloring with OCG OFF on input line 6394.
Package hyperref Info: PDF/A mode OFF on input line 6399.
LaTeX Info: Redefining \ref on input line 6439.
LaTeX Info: Redefining \pageref on input line 6443.
\Hy@abspage=\count113
\c@Item=\count114
\c@Hfootnote=\count115
)
Package hyperref Info: Driver (autodetected): hpdftex.

(/usr/local/texlive/2018/texmf-dist/tex/latex/hyperref/hpdftex.def
File: hpdftex.def 2018/02/06 v6.86b Hyperref driver for pdfTeX
\Fld@listcount=\count116
\c@bookmark@seq@number=\count117

(/usr/local/texlive/2018/texmf-dist/tex/latex/oberdiek/rerunfilecheck.sty
Package: rerunfilecheck 2016/05/16 v1.8 Rerun checks for auxiliary files (HO)
Package uniquecounter Info: New unique counter `rerunfilecheck' on input line 2
82.
)
\Hy@SectionHShift=\skip49
)
(/usr/local/texlive/2018/texmf-dist/tex/latex/bytefield/bytefield.sty
Package: bytefield 2017/09/15 v2.4 Network protocol diagrams

(/usr/local/texlive/2018/texmf-dist/tex/latex/tools/calc.sty
Package: calc 2017/05/25 v4.3 Infix arithmetic (KKT,FJ)
\calc@Acount=\count118
\calc@Bcount=\count119
\calc@Adimen=\dimen119
\calc@Bdimen=\dimen120
\calc@Askip=\skip50
\calc@Bskip=\skip51
LaTeX Info: Redefining \setlength on input line 80.
LaTeX Info: Redefining \addtolength on input line 81.
\calc@Ccount=\count120
\calc@Cskip=\skip52
)
\bytefield@height=\skip53
\bytefield@height@increment=\skip54
\entire@bytefield@picture=\box30
\bf@bitwidth=\skip55
\bf@bitheight=\skip56
\units@wide=\skip57
\units@tall=\skip58
\units@high=\skip59
\header@xpos=\skip60
\c@header@val=\count121
\c@max@header@val=\count122
\curly@box=\box31
\wordlabelr@start=\skip61
\wordlabelr@end=\skip62
\wordlabell@start=\skip63
\wordlabell@end=\skip64
\total@lbox@width=\skip65
\label@box@width=\skip66
\label@box@height=\skip67
\word@label@box=\box32
)
(/usr/local/texlive/2018/texmf-dist/tex/latex/multirow/multirow.sty
Package: multirow 2016/11/25 v2.2 Span multiple rows of a table
\multirow@colwidth=\skip68
\multirow@cntb=\count123
\multirow@dima=\skip69
\bigstrutjot=\dimen121
)
(/usr/local/texlive/2018/texmf-dist/tex/latex/tools/afterpage.sty
Package: afterpage 2014/10/28 v1.08 After-Page Package (DPC)
\AP@output=\toks30
\AP@partial=\box33
\AP@footins=\box34
)
(/usr/local/texlive/2018/texmf-dist/tex/latex/base/textcomp.sty
Package: textcomp 2017/04/05 v2.0i Standard LaTeX package
Package textcomp Info: Sub-encoding information:
(textcomp)               5 = only ISO-Adobe without \textcurrency
(textcomp)               4 = 5 + \texteuro
(textcomp)               3 = 4 + \textohm
(textcomp)               2 = 3 + \textestimated + \textcurrency
(textcomp)               1 = TS1 - \textcircled - \t
(textcomp)               0 = TS1 (full)
(textcomp)             Font families with sub-encoding setting implement
(textcomp)             only a restricted character set as indicated.
(textcomp)             Family '?' is the default used for unknown fonts.
(textcomp)             See the documentation for details.
Package textcomp Info: Setting ? sub-encoding to TS1/1 on input line 79.

(/usr/local/texlive/2018/texmf-dist/tex/latex/base/ts1enc.def
File: ts1enc.def 2001/06/05 v3.0e (jk/car/fm) Standard LaTeX file
Now handling font encoding TS1 ...
... processing UTF-8 mapping file for font encoding TS1

(/usr/local/texlive/2018/texmf-dist/tex/latex/base/ts1enc.dfu
File: ts1enc.dfu 2018/04/05 v1.2c UTF-8 support for inputenc
   defining Unicode char U+00A2 (decimal 162)
   defining Unicode char U+00A3 (decimal 163)
   defining Unicode char U+00A4 (decimal 164)
   defining Unicode char U+00A5 (decimal 165)
   defining Unicode char U+00A6 (decimal 166)
   defining Unicode char U+00A7 (decimal 167)
   defining Unicode char U+00A8 (decimal 168)
   defining Unicode char U+00A9 (decimal 169)
   defining Unicode char U+00AA (decimal 170)
   defining Unicode char U+00AC (decimal 172)
   defining Unicode char U+00AE (decimal 174)
   defining Unicode char U+00AF (decimal 175)
   defining Unicode char U+00B0 (decimal 176)
   defining Unicode char U+00B1 (decimal 177)
   defining Unicode char U+00B2 (decimal 178)
   defining Unicode char U+00B3 (decimal 179)
   defining Unicode char U+00B4 (decimal 180)
   defining Unicode char U+00B5 (decimal 181)
   defining Unicode char U+00B6 (decimal 182)
   defining Unicode char U+00B7 (decimal 183)
   defining Unicode char U+00B9 (decimal 185)
   defining Unicode char U+00BA (decimal 186)
   defining Unicode char U+00BC (decimal 188)
   defining Unicode char U+00BD (decimal 189)
   defining Unicode char U+00BE (decimal 190)
   defining Unicode char U+00D7 (decimal 215)
   defining Unicode char U+00F7 (decimal 247)
   defining Unicode char U+0192 (decimal 402)
   defining Unicode char U+02C7 (decimal 711)
   defining Unicode char U+02D8 (decimal 728)
   defining Unicode char U+02DD (decimal 733)
   defining Unicode char U+0E3F (decimal 3647)
   defining Unicode char U+2016 (decimal 8214)
   defining Unicode char U+2020 (decimal 8224)
   defining Unicode char U+2021 (decimal 8225)
   defining Unicode char U+2022 (decimal 8226)
   defining Unicode char U+2030 (decimal 8240)
   defining Unicode char U+2031 (decimal 8241)
   defining Unicode char U+203B (decimal 8251)
   defining Unicode char U+203D (decimal 8253)
   defining Unicode char U+2044 (decimal 8260)
   defining Unicode char U+204E (decimal 8270)
   defining Unicode char U+2052 (decimal 8274)
   defining Unicode char U+20A1 (decimal 8353)
   defining Unicode char U+20A4 (decimal 8356)
   defining Unicode char U+20A6 (decimal 8358)
   defining Unicode char U+20A9 (decimal 8361)
   defining Unicode char U+20AB (decimal 8363)
   defining Unicode char U+20AC (decimal 8364)
   defining Unicode char U+20B1 (decimal 8369)
   defining Unicode char U+2103 (decimal 8451)
   defining Unicode char U+2116 (decimal 8470)
   defining Unicode char U+2117 (decimal 8471)
   defining Unicode char U+211E (decimal 8478)
   defining Unicode char U+2120 (decimal 8480)
   defining Unicode char U+2122 (decimal 8482)
   defining Unicode char U+2126 (decimal 8486)
   defining Unicode char U+2127 (decimal 8487)
   defining Unicode char U+212E (decimal 8494)
   defining Unicode char U+2190 (decimal 8592)
   defining Unicode char U+2191 (decimal 8593)
   defining Unicode char U+2192 (decimal 8594)
   defining Unicode char U+2193 (decimal 8595)
   defining Unicode char U+2329 (decimal 9001)
   defining Unicode char U+232A (decimal 9002)
   defining Unicode char U+2422 (decimal 9250)
   defining Unicode char U+25E6 (decimal 9702)
   defining Unicode char U+25EF (decimal 9711)
   defining Unicode char U+266A (decimal 9834)
   defining Unicode char U+FEFF (decimal 65279)
))
LaTeX Info: Redefining \oldstylenums on input line 334.
Package textcomp Info: Setting cmr sub-encoding to TS1/0 on input line 349.
Package textcomp Info: Setting cmss sub-encoding to TS1/0 on input line 350.
Package textcomp Info: Setting cmtt sub-encoding to TS1/0 on input line 351.
Package textcomp Info: Setting cmvtt sub-encoding to TS1/0 on input line 352.
Package textcomp Info: Setting cmbr sub-encoding to TS1/0 on input line 353.
Package textcomp Info: Setting cmtl sub-encoding to TS1/0 on input line 354.
Package textcomp Info: Setting ccr sub-encoding to TS1/0 on input line 355.
Package textcomp Info: Setting ptm sub-encoding to TS1/4 on input line 356.
Package textcomp Info: Setting pcr sub-encoding to TS1/4 on input line 357.
Package textcomp Info: Setting phv sub-encoding to TS1/4 on input line 358.
Package textcomp Info: Setting ppl sub-encoding to TS1/3 on input line 359.
Package textcomp Info: Setting pag sub-encoding to TS1/4 on input line 360.
Package textcomp Info: Setting pbk sub-encoding to TS1/4 on input line 361.
Package textcomp Info: Setting pnc sub-encoding to TS1/4 on input line 362.
Package textcomp Info: Setting pzc sub-encoding to TS1/4 on input line 363.
Package textcomp Info: Setting bch sub-encoding to TS1/4 on input line 364.
Package textcomp Info: Setting put sub-encoding to TS1/5 on input line 365.
Package textcomp Info: Setting uag sub-encoding to TS1/5 on input line 366.
Package textcomp Info: Setting ugq sub-encoding to TS1/5 on input line 367.
Package textcomp Info: Setting ul8 sub-encoding to TS1/4 on input line 368.
Package textcomp Info: Setting ul9 sub-encoding to TS1/4 on input line 369.
Package textcomp Info: Setting augie sub-encoding to TS1/5 on input line 370.
Package textcomp Info: Setting dayrom sub-encoding to TS1/3 on input line 371.
Package textcomp Info: Setting dayroms sub-encoding to TS1/3 on input line 372.

Package textcomp Info: Setting pxr sub-encoding to TS1/0 on input line 373.
Package textcomp Info: Setting pxss sub-encoding to TS1/0 on input line 374.
Package textcomp Info: Setting pxtt sub-encoding to TS1/0 on input line 375.
Package textcomp Info: Setting txr sub-encoding to TS1/0 on input line 376.
Package textcomp Info: Setting txss sub-encoding to TS1/0 on input line 377.
Package textcomp Info: Setting txtt sub-encoding to TS1/0 on input line 378.
Package textcomp Info: Setting lmr sub-encoding to TS1/0 on input line 379.
Package textcomp Info: Setting lmdh sub-encoding to TS1/0 on input line 380.
Package textcomp Info: Setting lmss sub-encoding to TS1/0 on input line 381.
Package textcomp Info: Setting lmssq sub-encoding to TS1/0 on input line 382.
Package textcomp Info: Setting lmvtt sub-encoding to TS1/0 on input line 383.
Package textcomp Info: Setting lmtt sub-encoding to TS1/0 on input line 384.
Package textcomp Info: Setting qhv sub-encoding to TS1/0 on input line 385.
Package textcomp Info: Setting qag sub-encoding to TS1/0 on input line 386.
Package textcomp Info: Setting qbk sub-encoding to TS1/0 on input line 387.
Package textcomp Info: Setting qcr sub-encoding to TS1/0 on input line 388.
Package textcomp Info: Setting qcs sub-encoding to TS1/0 on input line 389.
Package textcomp Info: Setting qpl sub-encoding to TS1/0 on input line 390.
Package textcomp Info: Setting qtm sub-encoding to TS1/0 on input line 391.
Package textcomp Info: Setting qzc sub-encoding to TS1/0 on input line 392.
Package textcomp Info: Setting qhvc sub-encoding to TS1/0 on input line 393.
Package textcomp Info: Setting futs sub-encoding to TS1/4 on input line 394.
Package textcomp Info: Setting futx sub-encoding to TS1/4 on input line 395.
Package textcomp Info: Setting futj sub-encoding to TS1/4 on input line 396.
Package textcomp Info: Setting hlh sub-encoding to TS1/3 on input line 397.
Package textcomp Info: Setting hls sub-encoding to TS1/3 on input line 398.
Package textcomp Info: Setting hlst sub-encoding to TS1/3 on input line 399.
Package textcomp Info: Setting hlct sub-encoding to TS1/5 on input line 400.
Package textcomp Info: Setting hlx sub-encoding to TS1/5 on input line 401.
Package textcomp Info: Setting hlce sub-encoding to TS1/5 on input line 402.
Package textcomp Info: Setting hlcn sub-encoding to TS1/5 on input line 403.
Package textcomp Info: Setting hlcw sub-encoding to TS1/5 on input line 404.
Package textcomp Info: Setting hlcf sub-encoding to TS1/5 on input line 405.
Package textcomp Info: Setting pplx sub-encoding to TS1/3 on input line 406.
Package textcomp Info: Setting pplj sub-encoding to TS1/3 on input line 407.
Package textcomp Info: Setting ptmx sub-encoding to TS1/4 on input line 408.
Package textcomp Info: Setting ptmj sub-encoding to TS1/4 on input line 409.
)
\defbaselineskip=\skip70
 (./Thesis.aux
(./frontespizio.aux) (./chapter_1.aux) (./chapter_2.aux) (./chapter_3.aux)
(./conclusion.aux))
\openout1 = `Thesis.aux'.

LaTeX Font Info:    Checking defaults for OML/cmm/m/it on input line 31.
LaTeX Font Info:    ... okay on input line 31.
LaTeX Font Info:    Checking defaults for T1/cmr/m/n on input line 31.
LaTeX Font Info:    ... okay on input line 31.
LaTeX Font Info:    Checking defaults for OT1/cmr/m/n on input line 31.
LaTeX Font Info:    ... okay on input line 31.
LaTeX Font Info:    Checking defaults for OMS/cmsy/m/n on input line 31.
LaTeX Font Info:    ... okay on input line 31.
LaTeX Font Info:    Checking defaults for OMX/cmex/m/n on input line 31.
LaTeX Font Info:    ... okay on input line 31.
LaTeX Font Info:    Checking defaults for U/cmr/m/n on input line 31.
LaTeX Font Info:    ... okay on input line 31.
LaTeX Font Info:    Checking defaults for PD1/pdf/m/n on input line 31.
LaTeX Font Info:    ... okay on input line 31.
LaTeX Font Info:    Checking defaults for TS1/cmr/m/n on input line 31.
LaTeX Font Info:    Try loading font information for TS1+cmr on input line 31.

(/usr/local/texlive/2018/texmf-dist/tex/latex/base/ts1cmr.fd
File: ts1cmr.fd 2014/09/29 v2.5h Standard LaTeX font definitions
)
LaTeX Font Info:    ... okay on input line 31.

Class PhdThesis: Adding British English Captions.
LaTeX Info: Redefining \it@ocap on input line 31.
LaTeX Info: Redefining \it@ccap on input line 31.

File italian.ldf warning: 
italian.ldf    With OT1 encoding guillemets are poorly faked
italian.ldf    Use T1 encoding
italian.ldf    or specify a font with command \CaporaliFrom
italian.ldf    See the documentation concerning the babel-italian typesetting 
italian.ldf    on input line 31.

(/usr/local/texlive/2018/texmf-dist/tex/context/base/mkii/supp-pdf.mkii
[Loading MPS to PDF converter (version 2006.09.02).]
\scratchcounter=\count124
\scratchdimen=\dimen122
\scratchbox=\box35
\nofMPsegments=\count125
\nofMParguments=\count126
\everyMPshowfont=\toks31
\MPscratchCnt=\count127
\MPscratchDim=\dimen123
\MPnumerator=\count128
\makeMPintoPDFobject=\count129
\everyMPtoPDFconversion=\toks32
) (/usr/local/texlive/2018/texmf-dist/tex/latex/oberdiek/epstopdf-base.sty
Package: epstopdf-base 2016/05/15 v2.6 Base part for package epstopdf

(/usr/local/texlive/2018/texmf-dist/tex/latex/oberdiek/grfext.sty
Package: grfext 2016/05/16 v1.2 Manage graphics extensions (HO)
)
Package epstopdf-base Info: Redefining graphics rule for `.eps' on input line 4
38.
Package grfext Info: Graphics extension search list:
(grfext)             [.pdf,.png,.jpg,.mps,.jpeg,.jbig2,.jb2,.PDF,.PNG,.JPG,.JPE
G,.JBIG2,.JB2,.eps]
(grfext)             \AppendGraphicsExtensions on input line 456.

(/usr/local/texlive/2018/texmf-dist/tex/latex/latexconfig/epstopdf-sys.cfg
File: epstopdf-sys.cfg 2010/07/13 v1.3 Configuration of (r)epstopdf for TeX Liv
e
))
\AtBeginShipoutBox=\box36
Package hyperref Info: Link coloring OFF on input line 31.

(/usr/local/texlive/2018/texmf-dist/tex/latex/hyperref/nameref.sty
Package: nameref 2016/05/21 v2.44 Cross-referencing by name of section

(/usr/local/texlive/2018/texmf-dist/tex/generic/oberdiek/gettitlestring.sty
Package: gettitlestring 2016/05/16 v1.5 Cleanup title references (HO)
)
\c@section@level=\count130
)
LaTeX Info: Redefining \ref on input line 31.
LaTeX Info: Redefining \pageref on input line 31.
LaTeX Info: Redefining \nameref on input line 31.

(./Thesis.out) (./Thesis.out)
\@outlinefile=\write3
\openout3 = `Thesis.out'.

\openout2 = `frontespizio.aux'.

 (./frontespizio.tex
<./images/logo_unict.png, id=221, 155.83218pt x 152.06813pt>
File: ./images/logo_unict.png Graphic file (type png)
<use ./images/logo_unict.png>
Package pdftex.def Info: ./images/logo_unict.png  used on input line 5.
(pdftex.def)             Requested size: 109.08177pt x 106.44695pt.
 [1


{/usr/local/texlive/2018/texmf-var/fonts/map/pdftex/updmap/pdftex.map} <./image
s/logo_unict.png>])
Class PhdThesis: using `serifbig' chapter-title style.
(./Thesis.toc
LaTeX Font Info:    Try loading font information for U+msa on input line 6.
 (/usr/local/texlive/2018/texmf-dist/tex/latex/amsfonts/umsa.fd
File: umsa.fd 2013/01/14 v3.01 AMS symbols A
)
LaTeX Font Info:    Try loading font information for U+msb on input line 6.

(/usr/local/texlive/2018/texmf-dist/tex/latex/amsfonts/umsb.fd
File: umsb.fd 2013/01/14 v3.01 AMS symbols B
)
LaTeX Font Info:    Try loading font information for U+rsfs on input line 6.

(/usr/local/texlive/2018/texmf-dist/tex/latex/jknapltx/ursfs.fd
File: ursfs.fd 1998/03/24 rsfs font definition file (jk)
) [1



] [2])
\tf@toc=\write4
\openout4 = `Thesis.toc'.


[1]
\openout2 = `chapter_1.aux'.

 (./chapter_1.tex
Capitolo 1.
<./images/image1.png, id=302, 616.3025pt x 172.645pt>
File: ./images/image1.png Graphic file (type png)
<use ./images/image1.png>
Package pdftex.def Info: ./images/image1.png  used on input line 5.
(pdftex.def)             Requested size: 462.22574pt x 129.48341pt.

Overfull \hbox (35.4344pt too wide) in paragraph at lines 5--6
 [][] 
 []

<./images/image2.png, id=303, 560.0925pt x 209.78375pt>
File: ./images/image2.png Graphic file (type png)
<use ./images/image2.png>
Package pdftex.def Info: ./images/image2.png  used on input line 14.
(pdftex.def)             Requested size: 420.06834pt x 157.3374pt.
[2


 <./images/image1.png> <./images/image2.png>]
Overfull \hbox (13.01105pt too wide) in paragraph at lines 29--31
\OT1/cmr/m/n/12 Per l'e-se-cu-zio-ne dei te-st ^^Re sta-ta uti-liz-za-ta la se-
guen-te con-fi-gu-ra-zio-ne hard-ware/software: 
 []

) [3]
\openout2 = `chapter_2.aux'.

 (./chapter_2.tex
Capitolo 2.

Underfull \hbox (badness 10000) in paragraph at lines 11--15

 []

<./images/image3.png, id=315, 464.73625pt x 416.55624pt>
File: ./images/image3.png Graphic file (type png)
<use ./images/image3.png>
Package pdftex.def Info: ./images/image3.png  used on input line 27.
(pdftex.def)             Requested size: 278.84389pt x 249.93567pt.
[4



]
<./images/image4.png, id=321, 626.34pt x 221.82875pt>
File: ./images/image4.png Graphic file (type png)
<use ./images/image4.png>
Package pdftex.def Info: ./images/image4.png  used on input line 42.
(pdftex.def)             Requested size: 407.11617pt x 144.18697pt.
 [5 <./images/image3.png> <./images/image4.png>]
<./images/image5.png, id=328, 603.25375pt x 527.9725pt>
File: ./images/image5.png Graphic file (type png)
<use ./images/image5.png>
Package pdftex.def Info: ./images/image5.png  used on input line 49.
(pdftex.def)             Requested size: 301.62613pt x 263.9856pt.
 [6 <./images/image5.png>]
<./images/image6.png, id=334, 527.9725pt x 318.18875pt>
File: ./images/image6.png Graphic file (type png)
<use ./images/image6.png>
Package pdftex.def Info: ./images/image6.png  used on input line 92.
(pdftex.def)             Requested size: 316.78593pt x 190.9147pt.

[7]
<./images/image7.png, id=340, 619.31375pt x 350.30875pt>
File: ./images/image7.png Graphic file (type png)
<use ./images/image7.png>
Package pdftex.def Info: ./images/image7.png  used on input line 110.
(pdftex.def)             Requested size: 433.51668pt x 245.21445pt.

Overfull \hbox (6.72534pt too wide) in paragraph at lines 110--111
 [][] 
 []

[8 <./images/image6.png>]
<./images/image8.png, id=346, 617.30624pt x 354.32375pt>
File: ./images/image8.png Graphic file (type png)
<use ./images/image8.png>
Package pdftex.def Info: ./images/image8.png  used on input line 129.
(pdftex.def)             Requested size: 432.11142pt x 248.02492pt.

Overfull \hbox (5.32008pt too wide) in paragraph at lines 129--130
 [][] 
 []

[9 <./images/image7.png>] [10 <./images/image8.png>]
<./images/image9.png, id=358, 563.10374pt x 332.24126pt>
File: ./images/image9.png Graphic file (type png)
<use ./images/image9.png>
Package pdftex.def Info: ./images/image9.png  used on input line 158.
(pdftex.def)             Requested size: 337.86485pt x 199.34628pt.
<./images/image10.png, id=359, 623.32875pt x 224.84pt>
File: ./images/image10.png Graphic file (type png)
<use ./images/image10.png>
Package pdftex.def Info: ./images/image10.png  used on input line 172.
(pdftex.def)             Requested size: 405.15889pt x 146.14426pt.
 [11 <./images/image9.png>]
<./images/image11.png, id=365, 604.2575pt x 467.7475pt>
File: ./images/image11.png Graphic file (type png)
<use ./images/image11.png>
Package pdftex.def Info: ./images/image11.png  used on input line 179.
(pdftex.def)             Requested size: 302.128pt x 233.87317pt.
[12 <./images/image10.png> <./images/image11.png>]
<./images/image12.png, id=372, 530.98375pt x 311.1625pt>
File: ./images/image12.png Graphic file (type png)
<use ./images/image12.png>
Package pdftex.def Info: ./images/image12.png  used on input line 222.
(pdftex.def)             Requested size: 318.5927pt x 186.69894pt.
 [13]
<./images/image13.png, id=377, 630.355pt x 363.3575pt>
File: ./images/image13.png Graphic file (type png)
<use ./images/image13.png>
Package pdftex.def Info: ./images/image13.png  used on input line 238.
(pdftex.def)             Requested size: 441.24548pt x 254.3485pt.

Overfull \hbox (14.45415pt too wide) in paragraph at lines 238--239
 [][] 
 []

[14 <./images/image12.png>]
<./images/image14.png, id=383, 630.355pt x 354.32375pt>
File: ./images/image14.png Graphic file (type png)
<use ./images/image14.png>
Package pdftex.def Info: ./images/image14.png  used on input line 256.
(pdftex.def)             Requested size: 441.24548pt x 248.02492pt.

Overfull \hbox (14.45415pt too wide) in paragraph at lines 256--257
 [][] 
 []

[15 <./images/image13.png>] [16 <./images/image14.png>]
<./images/image15.png, id=395, 607.26875pt x 169.63374pt>
File: ./images/image15.png Graphic file (type png)
<use ./images/image15.png>
Package pdftex.def Info: ./images/image15.png  used on input line 282.
(pdftex.def)             Requested size: 425.08524pt x 118.7428pt.

Underfull \hbox (badness 10000) in paragraph at lines 275--283

 []

<./images/image16.png, id=396, 604.2575pt x 159.59625pt>
File: ./images/image16.png Graphic file (type png)
<use ./images/image16.png>
Package pdftex.def Info: ./images/image16.png  used on input line 289.
(pdftex.def)             Requested size: 422.97737pt x 111.7166pt.
[17 <./images/image15.png> <./images/image16.png>]
<./images/image17.png, id=403, 633.36626pt x 519.9425pt>
File: ./images/image17.png Graphic file (type png)
<use ./images/image17.png>
Package pdftex.def Info: ./images/image17.png  used on input line 304.
(pdftex.def)             Requested size: 443.35336pt x 363.95728pt.

Overfull \hbox (16.56203pt too wide) in paragraph at lines 304--305
 [][] 
 []

[18 <./images/image17.png>]
<./images/image18.png, id=410, 637.38126pt x 220.825pt>
File: ./images/image18.png Graphic file (type png)
<use ./images/image18.png>
Package pdftex.def Info: ./images/image18.png  used on input line 319.
(pdftex.def)             Requested size: 414.29291pt x 143.53453pt.
<./images/image19.png, id=411, 614.295pt x 531.9875pt>
File: ./images/image19.png Graphic file (type png)
<use ./images/image19.png>
Package pdftex.def Info: ./images/image19.png  used on input line 326.
(pdftex.def)             Requested size: 307.14674pt x 265.9931pt.
 [19 <./images/image18.png>] [20 <./images/image19.png>]
<./images/image20.png, id=422, 630.355pt x 511.9125pt>
File: ./images/image20.png Graphic file (type png)
<use ./images/image20.png>
Package pdftex.def Info: ./images/image20.png  used on input line 361.
(pdftex.def)             Requested size: 441.24548pt x 358.3363pt.

Overfull \hbox (14.45415pt too wide) in paragraph at lines 361--362
 [][] 
 []

[21]
<./images/image21.png, id=427, 624.3325pt x 352.31625pt>
File: ./images/image21.png Graphic file (type png)
<use ./images/image21.png>
Package pdftex.def Info: ./images/image21.png  used on input line 377.
(pdftex.def)             Requested size: 437.02977pt x 246.61969pt.

Overfull \hbox (10.23843pt too wide) in paragraph at lines 377--378
 [][] 
 []

[22 <./images/image20.png>]
<./images/image22.png, id=434, 630.355pt x 353.32pt>
File: ./images/image22.png Graphic file (type png)
<use ./images/image22.png>
Package pdftex.def Info: ./images/image22.png  used on input line 395.
(pdftex.def)             Requested size: 441.24548pt x 247.32231pt.

Overfull \hbox (14.45415pt too wide) in paragraph at lines 395--396
 [][] 
 []

[23 <./images/image21.png>]
<./images/image23.png, id=440, 633.36626pt x 514.92375pt>
File: ./images/image23.png Graphic file (type png)
<use ./images/image23.png>
Package pdftex.def Info: ./images/image23.png  used on input line 416.
(pdftex.def)             Requested size: 443.35336pt x 360.44417pt.

Overfull \hbox (16.56203pt too wide) in paragraph at lines 416--417
 [][] 
 []

[24 <./images/image22.png>]
<./images/image24.png, id=446, 614.295pt x 211.79124pt>
File: ./images/image24.png Graphic file (type png)
<use ./images/image24.png>
Package pdftex.def Info: ./images/image24.png  used on input line 431.
(pdftex.def)             Requested size: 399.287pt x 137.66267pt.
 [25 <./images/image23.png>]
<./images/image25.png, id=452, 634.37pt x 506.89375pt>
File: ./images/image25.png Graphic file (type png)
<use ./images/image25.png>
Package pdftex.def Info: ./images/image25.png  used on input line 438.
(pdftex.def)             Requested size: 317.18422pt x 253.44626pt.
 [26 <./images/image24.png> <./images/image25.png>]
<./images/image26.png, id=459, 642.4pt x 513.92pt>
File: ./images/image26.png Graphic file (type png)
<use ./images/image26.png>
Package pdftex.def Info: ./images/image26.png  used on input line 471.
(pdftex.def)             Requested size: 449.67694pt x 359.74153pt.

Overfull \hbox (22.8856pt too wide) in paragraph at lines 471--472
 [][] 
 []

[27]
<./images/image27.png, id=464, 623.32875pt x 356.33125pt>
File: ./images/image27.png Graphic file (type png)
<use ./images/image27.png>
Package pdftex.def Info: ./images/image27.png  used on input line 487.
(pdftex.def)             Requested size: 436.32715pt x 249.43016pt.

Overfull \hbox (9.53581pt too wide) in paragraph at lines 487--488
 [][] 
 []

[28 <./images/image26.png>]
<./images/image28.png, id=471, 616.3025pt x 352.31625pt>
File: ./images/image28.png Graphic file (type png)
<use ./images/image28.png>
Package pdftex.def Info: ./images/image28.png  used on input line 504.
(pdftex.def)             Requested size: 431.40881pt x 246.61969pt.

Overfull \hbox (4.61748pt too wide) in paragraph at lines 504--505
 [][] 
 []

[29 <./images/image27.png>]) [30 <./images/image28.png>]
\openout2 = `chapter_3.aux'.

 (./chapter_3.tex
Capitolo 3.

Underfull \hbox (badness 10000) in paragraph at lines 11--17

 []

<./images/image29.png, id=483, 607.26875pt x 540.0175pt>
File: ./images/image29.png Graphic file (type png)
<use ./images/image29.png>
Package pdftex.def Info: ./images/image29.png  used on input line 21.
(pdftex.def)             Requested size: 425.08524pt x 378.00966pt.
[31



]
<./images/image30.png, id=488, 622.325pt x 215.80624pt>
File: ./images/image30.png Graphic file (type png)
<use ./images/image30.png>
Package pdftex.def Info: ./images/image30.png  used on input line 36.
(pdftex.def)             Requested size: 404.50645pt x 140.27238pt.
 [32 <./images/image29.png>]
Overfull \hbox (2.76254pt too wide) in paragraph at lines 38--39
\OT1/cmr/m/n/12 Dai due plot, di cui so-pra, pos-sia-mo os-ser-va-re la con-ver
-gen-za del-la va-li-da-tion/training
 []

<./images/image31.png, id=494, 613.29124pt x 507.8975pt>
File: ./images/image31.png Graphic file (type png)
<use ./images/image31.png>
Package pdftex.def Info: ./images/image31.png  used on input line 43.
(pdftex.def)             Requested size: 306.64487pt x 253.94814pt.
[33 <./images/image30.png> <./images/image31.png>]
<./images/image32.png, id=501, 626.34pt x 561.09625pt>
File: ./images/image32.png Graphic file (type png)
<use ./images/image32.png>
Package pdftex.def Info: ./images/image32.png  used on input line 75.
(pdftex.def)             Requested size: 438.435pt x 392.7647pt.

Overfull \hbox (11.64366pt too wide) in paragraph at lines 75--76
 [][] 
 []

[34] [35 <./images/image32.png>]
<./images/image33.png, id=512, 620.3175pt x 354.32375pt>
File: ./images/image33.png Graphic file (type png)
<use ./images/image33.png>
Package pdftex.def Info: ./images/image33.png  used on input line 91.
(pdftex.def)             Requested size: 434.2193pt x 248.02492pt.

Overfull \hbox (7.42796pt too wide) in paragraph at lines 91--92
 [][] 
 []

<./images/image34.png, id=513, 619.31375pt x 351.3125pt>
File: ./images/image34.png Graphic file (type png)
<use ./images/image34.png>
Package pdftex.def Info: ./images/image34.png  used on input line 110.
(pdftex.def)             Requested size: 433.51668pt x 245.91707pt.

Overfull \hbox (6.72534pt too wide) in paragraph at lines 110--111
 [][] 
 []

[36 <./images/image33.png>]) [37 <./images/image34.png>]
\openout2 = `conclusion.aux'.

 (./conclusion.tex
Capitolo 4.

Underfull \hbox (badness 10000) in paragraph at lines 2--12

 []


Underfull \hbox (badness 10000) in paragraph at lines 2--12

 []


Underfull \hbox (badness 10000) in paragraph at lines 2--12

 []

[38



]) [39]
Package atveryend Info: Empty hook `BeforeClearDocument' on input line 83.
Package atveryend Info: Empty hook `AfterLastShipout' on input line 83.
 (./Thesis.aux (./frontespizio.aux) (./chapter_1.aux)
(./chapter_2.aux) (./chapter_3.aux) (./conclusion.aux))
Package atveryend Info: Executing hook `AtVeryEndDocument' on input line 83.
Package atveryend Info: Executing hook `AtEndAfterFileList' on input line 83.
Package rerunfilecheck Info: File `Thesis.out' has not changed.
(rerunfilecheck)             Checksum: DCE2D7FC4A6199F639FE8AF5F7FDBED0;3859.
 ) 
Here is how much of TeX's memory you used:
 8249 strings out of 492649
 119191 string characters out of 6129622
 221610 words of memory out of 5000000
 11830 multiletter control sequences out of 15000+600000
 14366 words of font info for 53 fonts, out of 8000000 for 9000
 1141 hyphenation exceptions out of 8191
 28i,10n,31p,798b,518s stack positions out of 5000i,500n,10000p,200000b,80000s
{/usr/local/texlive/2018/texmf-dist/fonts/enc/dvips/cm-super/cm-super-ts1.enc
}</usr/local/texlive/2018/texmf-dist/fonts/type1/public/amsfonts/cm/cmbx12.pfb>
</usr/local/texlive/2018/texmf-dist/fonts/type1/public/amsfonts/cm/cmr12.pfb></
usr/local/texlive/2018/texmf-dist/fonts/type1/public/amsfonts/cm/cmr17.pfb></us
r/local/texlive/2018/texmf-dist/fonts/type1/public/amsfonts/cm/cmssbx10.pfb></u
sr/local/texlive/2018/texmf-dist/fonts/type1/public/amsfonts/cm/cmti12.pfb></us
r/local/texlive/2018/texmf-dist/fonts/type1/public/cm-super/sfbx1200.pfb></usr/
local/texlive/2018/texmf-dist/fonts/type1/public/cm-super/sfbx1728.pfb></usr/lo
cal/texlive/2018/texmf-dist/fonts/type1/public/cm-super/sfrm1200.pfb>
Output written on Thesis.pdf (42 pages, 11670037 bytes).
PDF statistics:
 586 PDF objects out of 1000 (max. 8388607)
 459 compressed objects within 5 object streams
 98 named destinations out of 1000 (max. 500000)
 608 words of extra memory for PDF output out of 10000 (max. 10000000)

